11:36:05 INFO  : Processing command line option -hwspec E:/class/Project/final_lab_2/final_lab_2.sdk/system_wrapper.hdf.
11:36:12 INFO  : Launching XSDB server: xsdb.bat -s F:/vivado/SDK/2014.4/scripts/xsdb/xsdb/xsdb-server.tcl 2450
11:37:00 INFO  : BSP Project P/final_bsp has been successfully migrated.
16:03:07 INFO  : Processing command line option -hwspec E:/class/Project/final_lab_2/final_lab_2.sdk/system_wrapper.hdf.
16:03:09 INFO  : Checking for hwspec changes in the project system_wrapper_hw_platform_0.
16:03:09 INFO  : Launching XSDB server: xsdb.bat -s F:/vivado/SDK/2014.4/scripts/xsdb/xsdb/xsdb-server.tcl 2450
16:21:16 INFO  : FPGA configured successfully with bitstream "E:/class/Project/final_lab_2/final_lab_2.sdk/system_wrapper_hw_platform_0/system_wrapper.bit"
16:22:49 INFO  : FPGA configured successfully with bitstream "E:/class/Project/final_lab_2/final_lab_2.sdk/system_wrapper_hw_platform_0/system_wrapper.bit"
16:23:23 INFO  : ps7_init is completed.
16:23:23 INFO  : ps7_post_config is completed.
16:23:23 INFO  : Processor reset is completed for ps7_cortexa9_0
16:23:55 INFO  : FPGA configured successfully with bitstream "E:/class/Project/final_lab_2/final_lab_2.sdk/system_wrapper_hw_platform_0/system_wrapper.bit"
16:24:05 INFO  : ps7_cortexa9_0 Processor is in use. Please stop existing Run or Debug sessions before launching.
16:24:11 INFO  : Processor reset is completed for ps7_cortexa9_0
16:24:12 ERROR : Unexpected error while launching program.
java.lang.RuntimeException: Failed to download ELF file


    Could not stop the processor after reset


	at com.xilinx.sdk.targetmanager.internal.TM.downloadELF(TM.java:666)
	at com.xilinx.sdk.debug.core.internal.AppRunner.run(AppRunner.java:129)
	at com.xilinx.sdk.debug.core.XilinxAppLaunchConfigurationDelegate.runApplication(XilinxAppLaunchConfigurationDelegate.java:605)
	at com.xilinx.sdk.debug.core.XilinxAppLaunchConfigurationDelegate.launch(XilinxAppLaunchConfigurationDelegate.java:293)
	at com.xilinx.sdk.debug.ui.XilinxAppLaunchDelegateWrapper.launch(XilinxAppLaunchDelegateWrapper.java:31)
	at org.eclipse.debug.internal.core.LaunchConfiguration.launch(LaunchConfiguration.java:858)
	at org.eclipse.debug.internal.core.LaunchConfiguration.launch(LaunchConfiguration.java:707)
	at org.eclipse.debug.internal.ui.DebugUIPlugin.buildAndLaunch(DebugUIPlugin.java:1018)
	at org.eclipse.debug.internal.ui.DebugUIPlugin$8.run(DebugUIPlugin.java:1222)
	at org.eclipse.core.internal.jobs.Worker.run(Worker.java:53)
16:24:39 INFO  : FPGA configured successfully with bitstream "E:/class/Project/final_lab_2/final_lab_2.sdk/system_wrapper_hw_platform_0/system_wrapper.bit"
16:25:12 INFO  : FPGA configured successfully with bitstream "E:/class/Project/final_lab_2/final_lab_2.sdk/system_wrapper_hw_platform_0/system_wrapper.bit"
16:25:58 INFO  : FPGA configured successfully with bitstream "E:/class/Project/final_lab_2/final_lab_2.sdk/system_wrapper_hw_platform_0/system_wrapper.bit"
16:26:11 ERROR : Unexpected error while parsing XMD response ?: com.google.gson.JsonSyntaxException: com.google.gson.stream.MalformedJsonException: invalid number or unquoted string near 
16:26:33 INFO  : Processing command line option -hwspec E:/class/Project/final_lab_2/final_lab_2.sdk/system_wrapper.hdf.
16:26:35 INFO  : Checking for hwspec changes in the project system_wrapper_hw_platform_0.
16:26:36 INFO  : Launching XSDB server: xsdb.bat -s F:/vivado/SDK/2014.4/scripts/xsdb/xsdb/xsdb-server.tcl 2450
16:27:05 INFO  : FPGA configured successfully with bitstream "E:/class/Project/final_lab_2/final_lab_2.sdk/system_wrapper_hw_platform_0/system_wrapper.bit"
16:27:20 INFO  : ps7_init is completed.
16:27:20 INFO  : ps7_post_config is completed.
16:27:20 INFO  : Processor reset is completed for ps7_cortexa9_0
16:27:40 ERROR : Unexpected error while parsing XMD response ?: com.google.gson.JsonSyntaxException: com.google.gson.stream.MalformedJsonException: invalid number or unquoted string near 
16:28:14 INFO  : Processing command line option -hwspec E:/class/Project/final_lab_2/final_lab_2.sdk/system_wrapper.hdf.
16:28:15 INFO  : Checking for hwspec changes in the project system_wrapper_hw_platform_0.
16:28:15 INFO  : Launching XSDB server: xsdb.bat -s F:/vivado/SDK/2014.4/scripts/xsdb/xsdb/xsdb-server.tcl 2450
16:28:48 INFO  : FPGA configured successfully with bitstream "E:/class/Project/final_lab_2/final_lab_2.sdk/system_wrapper_hw_platform_0/system_wrapper.bit"
16:29:00 INFO  : ps7_init is completed.
16:29:00 INFO  : ps7_post_config is completed.
16:29:00 INFO  : Processor reset is completed for ps7_cortexa9_0
16:29:44 INFO  : FPGA configured successfully with bitstream "E:/class/Project/final_lab_2/final_lab_2.sdk/system_wrapper_hw_platform_0/system_wrapper.bit"
16:29:53 INFO  : ps7_init is completed.
16:29:53 INFO  : ps7_post_config is completed.
16:29:53 INFO  : Processor reset is completed for ps7_cortexa9_0
16:30:59 INFO  : FPGA configured successfully with bitstream "E:/class/Project/final_lab_2/final_lab_2.sdk/system_wrapper_hw_platform_0/system_wrapper.bit"
16:31:13 INFO  : ps7_init is completed.
16:31:13 INFO  : ps7_post_config is completed.
16:31:13 INFO  : Processor reset is completed for ps7_cortexa9_0
16:34:20 INFO  : FPGA configured successfully with bitstream "E:/class/Project/final_lab_2/final_lab_2.sdk/system_wrapper_hw_platform_0/system_wrapper.bit"
16:34:33 INFO  : ps7_init is completed.
16:34:33 INFO  : ps7_post_config is completed.
16:34:33 INFO  : Processor reset is completed for ps7_cortexa9_0
16:35:20 INFO  : FPGA configured successfully with bitstream "E:/class/Project/final_lab_2/final_lab_2.sdk/system_wrapper_hw_platform_0/system_wrapper.bit"
16:35:57 INFO  : ps7_init is completed.
16:35:58 INFO  : ps7_post_config is completed.
16:35:58 INFO  : Processor reset is completed for ps7_cortexa9_0
16:36:21 ERROR : Unexpected error while parsing XMD response ?: com.google.gson.JsonSyntaxException: com.google.gson.stream.MalformedJsonException: invalid number or unquoted string near 
17:05:07 INFO  : Processing command line option -hwspec E:/class/Project/final_lab_2/final_lab_2.sdk/system_wrapper.hdf.
17:05:09 INFO  : Checking for hwspec changes in the project system_wrapper_hw_platform_0.
17:05:09 INFO  : SDK has detected change in the last modified timestamps for source hardware specification file Source:1435050163673,  Project:1435030431636
17:05:09 INFO  : The hardware specification for project 'system_wrapper_hw_platform_0' is different from E:/class/Project/final_lab_2/final_lab_2.sdk/system_wrapper.hdf.
17:05:10 INFO  : Copied contents of E:/class/Project/final_lab_2/final_lab_2.sdk/system_wrapper.hdf into \system_wrapper_hw_platform_0\system.hdf.
17:05:10 INFO  : Launching XSDB server: xsdb.bat -s F:/vivado/SDK/2014.4/scripts/xsdb/xsdb/xsdb-server.tcl 2450
17:05:11 INFO  : Synchronizing projects in the workspace with the hardware platform specification changes.
17:06:35 INFO  : 
17:06:43 INFO  : Updating hardware inferred compiler options for final_app.
17:06:43 INFO  : Clearing existing target manager status.
17:07:14 INFO  : FPGA configured successfully with bitstream "E:/class/Project/final_lab_2/final_lab_2.sdk/system_wrapper_hw_platform_0/system_wrapper.bit"
17:08:34 INFO  : ps7_init is completed.
17:08:34 INFO  : ps7_post_config is completed.
17:08:35 INFO  : Processor reset is completed for ps7_cortexa9_0
17:10:00 INFO  : FPGA configured successfully with bitstream "E:/class/Project/final_lab_2/final_lab_2.sdk/system_wrapper_hw_platform_0/system_wrapper.bit"
17:10:33 INFO  : ps7_init is completed.
17:10:33 INFO  : ps7_post_config is completed.
17:10:34 INFO  : Processor reset is completed for ps7_cortexa9_0
17:11:03 ERROR : Unexpected error while parsing XMD response ?: com.google.gson.JsonSyntaxException: com.google.gson.stream.MalformedJsonException: invalid number or unquoted string near 
17:20:36 INFO  : Processing command line option -hwspec E:/class/Project/final_lab_2/final_lab_2.sdk/system_wrapper.hdf.
17:20:39 INFO  : Checking for hwspec changes in the project system_wrapper_hw_platform_0.
17:20:39 INFO  : Launching XSDB server: xsdb.bat -s F:/vivado/SDK/2014.4/scripts/xsdb/xsdb/xsdb-server.tcl 2450
17:22:48 INFO  : FPGA configured successfully with bitstream "E:/class/Project/final_lab_2/final_lab_2.sdk/system_wrapper_hw_platform_0/system_wrapper.bit"
17:23:27 INFO  : FPGA configured successfully with bitstream "E:/class/Project/final_lab_2/final_lab_2.sdk/system_wrapper_hw_platform_0/system_wrapper.bit"
17:23:47 INFO  : ps7_init is completed.
17:23:48 INFO  : ps7_post_config is completed.
17:23:48 INFO  : Processor reset is completed for ps7_cortexa9_0
17:24:23 INFO  : FPGA configured successfully with bitstream "E:/class/Project/final_lab_2/final_lab_2.sdk/system_wrapper_hw_platform_0/system_wrapper.bit"
17:24:43 INFO  : ps7_init is completed.
17:24:43 INFO  : ps7_post_config is completed.
17:24:43 INFO  : Processor reset is completed for ps7_cortexa9_0
17:26:19 INFO  : FPGA configured successfully with bitstream "E:/class/Project/final_lab_2/final_lab_2.sdk/system_wrapper_hw_platform_0/system_wrapper.bit"
17:26:29 INFO  : ps7_init is completed.
17:26:29 INFO  : ps7_post_config is completed.
17:26:29 INFO  : Processor reset is completed for ps7_cortexa9_0
17:27:38 INFO  : FPGA configured successfully with bitstream "E:/class/Project/final_lab_2/final_lab_2.sdk/system_wrapper_hw_platform_0/system_wrapper.bit"
17:27:49 INFO  : ps7_init is completed.
17:27:49 INFO  : ps7_post_config is completed.
17:27:49 INFO  : Processor reset is completed for ps7_cortexa9_0
17:30:16 INFO  : FPGA configured successfully with bitstream "E:/class/Project/final_lab_2/final_lab_2.sdk/system_wrapper_hw_platform_0/system_wrapper.bit"
17:30:39 INFO  : ps7_init is completed.
17:30:39 INFO  : ps7_post_config is completed.
17:30:40 INFO  : Processor reset is completed for ps7_cortexa9_0
17:32:22 INFO  : FPGA configured successfully with bitstream "E:/class/Project/final_lab_2/final_lab_2.sdk/system_wrapper_hw_platform_0/system_wrapper.bit"
17:32:32 INFO  : ps7_init is completed.
17:32:33 INFO  : ps7_post_config is completed.
17:32:33 INFO  : Processor reset is completed for ps7_cortexa9_0
17:36:08 INFO  : FPGA configured successfully with bitstream "E:/class/Project/final_lab_2/final_lab_2.sdk/system_wrapper_hw_platform_0/system_wrapper.bit"
17:36:36 INFO  : ps7_init is completed.
17:36:37 INFO  : ps7_post_config is completed.
17:36:37 INFO  : Processor reset is completed for ps7_cortexa9_0
17:37:03 INFO  : FPGA configured successfully with bitstream "E:/class/Project/final_lab_2/final_lab_2.sdk/system_wrapper_hw_platform_0/system_wrapper.bit"
17:37:13 INFO  : ps7_init is completed.
17:37:13 INFO  : ps7_post_config is completed.
17:37:13 INFO  : Processor reset is completed for ps7_cortexa9_0
17:37:22 INFO  : ps7_cortexa9_0 Processor is in use. Please stop existing Run or Debug sessions before launching.
17:37:25 INFO  : Processor reset is completed for ps7_cortexa9_0
17:40:12 INFO  : FPGA configured successfully with bitstream "E:/class/Project/final_lab_2/final_lab_2.sdk/system_wrapper_hw_platform_0/system_wrapper.bit"
17:40:39 INFO  : ps7_cortexa9_0 Processor is in use. Please stop existing Run or Debug sessions before launching.
17:40:47 ERROR : Unexpected error while launching program.
java.lang.RuntimeException: Error in Resetting Target

    Could not stop the processor after reset


	at com.xilinx.sdk.targetmanager.internal.TM.doProcessorReset(TM.java:991)
	at com.xilinx.sdk.debug.core.XilinxAppLaunchConfigurationDelegate.runTargetSetup(XilinxAppLaunchConfigurationDelegate.java:502)
	at com.xilinx.sdk.debug.core.XilinxAppLaunchConfigurationDelegate.runApplication(XilinxAppLaunchConfigurationDelegate.java:584)
	at com.xilinx.sdk.debug.core.XilinxAppLaunchConfigurationDelegate.launch(XilinxAppLaunchConfigurationDelegate.java:293)
	at com.xilinx.sdk.debug.ui.XilinxAppLaunchDelegateWrapper.launch(XilinxAppLaunchDelegateWrapper.java:31)
	at org.eclipse.debug.internal.core.LaunchConfiguration.launch(LaunchConfiguration.java:858)
	at org.eclipse.debug.internal.core.LaunchConfiguration.launch(LaunchConfiguration.java:707)
	at org.eclipse.debug.internal.ui.DebugUIPlugin.buildAndLaunch(DebugUIPlugin.java:1018)
	at org.eclipse.debug.internal.ui.DebugUIPlugin$8.run(DebugUIPlugin.java:1222)
	at org.eclipse.core.internal.jobs.Worker.run(Worker.java:53)
17:40:52 ERROR : Unexpected error while parsing XMD response ?: com.google.gson.JsonSyntaxException: com.google.gson.stream.MalformedJsonException: invalid number or unquoted string near 
17:41:19 INFO  : Processing command line option -hwspec E:/class/Project/final_lab_2/final_lab_2.sdk/system_wrapper.hdf.
17:41:21 INFO  : Checking for hwspec changes in the project system_wrapper_hw_platform_0.
17:41:22 INFO  : Launching XSDB server: xsdb.bat -s F:/vivado/SDK/2014.4/scripts/xsdb/xsdb/xsdb-server.tcl 2450
17:43:09 INFO  : ps7_init is completed.
17:43:10 INFO  : ps7_post_config is completed.
17:43:10 INFO  : Processor reset is completed for ps7_cortexa9_0
17:43:24 INFO  : FPGA configured successfully with bitstream "E:/class/Project/final_lab_2/final_lab_2.sdk/system_wrapper_hw_platform_0/system_wrapper.bit"
17:43:33 INFO  : Processor reset is completed for ps7_cortexa9_0
17:43:36 ERROR : Unexpected error while launching program.
java.lang.RuntimeException: Failed to download ELF file


    Could not stop the processor after reset


	at com.xilinx.sdk.targetmanager.internal.TM.downloadELF(TM.java:666)
	at com.xilinx.sdk.debug.core.internal.AppRunner.run(AppRunner.java:129)
	at com.xilinx.sdk.debug.core.XilinxAppLaunchConfigurationDelegate.runApplication(XilinxAppLaunchConfigurationDelegate.java:605)
	at com.xilinx.sdk.debug.core.XilinxAppLaunchConfigurationDelegate.launch(XilinxAppLaunchConfigurationDelegate.java:293)
	at com.xilinx.sdk.debug.ui.XilinxAppLaunchDelegateWrapper.launch(XilinxAppLaunchDelegateWrapper.java:31)
	at org.eclipse.debug.internal.core.LaunchConfiguration.launch(LaunchConfiguration.java:858)
	at org.eclipse.debug.internal.core.LaunchConfiguration.launch(LaunchConfiguration.java:707)
	at org.eclipse.debug.internal.ui.DebugUIPlugin.buildAndLaunch(DebugUIPlugin.java:1018)
	at org.eclipse.debug.internal.ui.DebugUIPlugin$8.run(DebugUIPlugin.java:1222)
	at org.eclipse.core.internal.jobs.Worker.run(Worker.java:53)
17:43:42 ERROR : Unexpected error while parsing XMD response ?: com.google.gson.JsonSyntaxException: com.google.gson.stream.MalformedJsonException: invalid number or unquoted string near 
17:44:08 INFO  : Processing command line option -hwspec E:/class/Project/final_lab_2/final_lab_2.sdk/system_wrapper.hdf.
17:44:11 INFO  : Checking for hwspec changes in the project system_wrapper_hw_platform_0.
17:44:11 INFO  : Launching XSDB server: xsdb.bat -s F:/vivado/SDK/2014.4/scripts/xsdb/xsdb/xsdb-server.tcl 2450
17:44:47 INFO  : FPGA configured successfully with bitstream "E:/class/Project/final_lab_2/final_lab_2.sdk/system_wrapper_hw_platform_0/system_wrapper.bit"
17:45:25 INFO  : ps7_init is completed.
17:45:25 INFO  : ps7_post_config is completed.
17:45:25 INFO  : Processor reset is completed for ps7_cortexa9_0
17:48:11 INFO  : FPGA configured successfully with bitstream "E:/class/Project/final_lab_2/final_lab_2.sdk/system_wrapper_hw_platform_0/system_wrapper.bit"
17:48:22 INFO  : ps7_init is completed.
17:48:22 INFO  : ps7_post_config is completed.
17:48:23 INFO  : Processor reset is completed for ps7_cortexa9_0
17:49:04 INFO  : FPGA configured successfully with bitstream "E:/class/Project/final_lab_2/final_lab_2.sdk/system_wrapper_hw_platform_0/system_wrapper.bit"
17:49:15 INFO  : ps7_init is completed.
17:49:15 INFO  : ps7_post_config is completed.
17:49:15 INFO  : Processor reset is completed for ps7_cortexa9_0
17:50:14 INFO  : FPGA configured successfully with bitstream "E:/class/Project/final_lab_2/final_lab_2.sdk/system_wrapper_hw_platform_0/system_wrapper.bit"
17:51:23 INFO  : ps7_init is completed.
17:51:23 INFO  : ps7_post_config is completed.
17:51:23 INFO  : Processor reset is completed for ps7_cortexa9_0
17:53:21 ERROR : Unexpected error while parsing XMD response ?: com.google.gson.JsonSyntaxException: com.google.gson.stream.MalformedJsonException: invalid number or unquoted string near 
17:57:13 INFO  : Processing command line option -hwspec E:/class/Project/final_lab_2/final_lab_2.sdk/system_wrapper.hdf.
17:57:15 INFO  : Checking for hwspec changes in the project system_wrapper_hw_platform_0.
17:57:15 INFO  : Launching XSDB server: xsdb.bat -s F:/vivado/SDK/2014.4/scripts/xsdb/xsdb/xsdb-server.tcl 2450
18:09:18 INFO  : Processing command line option -hwspec E:/class/Project/final_lab_2/final_lab_2.sdk/system_wrapper.hdf.
18:09:21 INFO  : Checking for hwspec changes in the project system_wrapper_hw_platform_0.
18:09:21 INFO  : Launching XSDB server: xsdb.bat -s F:/vivado/SDK/2014.4/scripts/xsdb/xsdb/xsdb-server.tcl 2450
18:09:22 INFO  : SDK has detected change in the last modified timestamps for source hardware specification file Source:1435053965522,  Project:1435050163673
18:09:22 INFO  : The hardware specification for project 'system_wrapper_hw_platform_0' is different from E:/class/Project/final_lab_2/final_lab_2.sdk/system_wrapper.hdf.
18:09:22 INFO  : Copied contents of E:/class/Project/final_lab_2/final_lab_2.sdk/system_wrapper.hdf into \system_wrapper_hw_platform_0\system.hdf.
18:11:13 INFO  : Synchronizing projects in the workspace with the hardware platform specification changes.
18:11:15 INFO  : 
18:12:52 INFO  : Updating hardware inferred compiler options for final_app.
18:12:52 INFO  : Clearing existing target manager status.
18:44:24 INFO  : FPGA configured successfully with bitstream "E:/class/Project/final_lab_2/final_lab_2.sdk/system_wrapper_hw_platform_0/system_wrapper.bit"
18:44:37 INFO  : ps7_init is completed.
18:44:37 INFO  : ps7_post_config is completed.
18:44:37 INFO  : Processor reset is completed for ps7_cortexa9_0
18:45:16 INFO  : FPGA configured successfully with bitstream "E:/class/Project/final_lab_2/final_lab_2.sdk/system_wrapper_hw_platform_0/system_wrapper.bit"
18:45:37 INFO  : ps7_init is completed.
18:45:37 INFO  : ps7_post_config is completed.
18:45:37 INFO  : Processor reset is completed for ps7_cortexa9_0
18:46:01 INFO  : Time out for XMD transaction is 60000
If you want to increase the timeout value, goto Windows-> Preferences -> Xilinx SDK -> XMD Startup
18:46:01 ERROR : Timeout occured while waiting to get reply for command "xstop 64"
18:47:54 INFO  : FPGA configured successfully with bitstream "E:/class/Project/final_lab_2/final_lab_2.sdk/system_wrapper_hw_platform_0/system_wrapper.bit"
18:48:04 INFO  : ps7_init is completed.
18:48:05 INFO  : ps7_post_config is completed.
18:48:05 INFO  : Processor reset is completed for ps7_cortexa9_0
18:51:32 INFO  : FPGA configured successfully with bitstream "E:/class/Project/final_lab_2/final_lab_2.sdk/system_wrapper_hw_platform_0/system_wrapper.bit"
18:51:41 INFO  : ps7_init is completed.
18:51:41 INFO  : ps7_post_config is completed.
18:51:41 INFO  : Processor reset is completed for ps7_cortexa9_0
18:52:20 INFO  : FPGA configured successfully with bitstream "E:/class/Project/final_lab_2/final_lab_2.sdk/system_wrapper_hw_platform_0/system_wrapper.bit"
18:52:40 INFO  : ps7_init is completed.
18:52:40 INFO  : ps7_post_config is completed.
18:52:40 INFO  : Processor reset is completed for ps7_cortexa9_0
18:53:17 INFO  : FPGA configured successfully with bitstream "E:/class/Project/final_lab_2/final_lab_2.sdk/system_wrapper_hw_platform_0/system_wrapper.bit"
18:53:28 INFO  : ps7_init is completed.
18:53:28 INFO  : ps7_post_config is completed.
18:53:28 INFO  : Processor reset is completed for ps7_cortexa9_0
18:53:51 INFO  : FPGA configured successfully with bitstream "E:/class/Project/final_lab_2/final_lab_2.sdk/system_wrapper_hw_platform_0/system_wrapper.bit"
18:54:01 INFO  : ps7_init is completed.
18:54:01 INFO  : ps7_post_config is completed.
18:54:02 INFO  : Processor reset is completed for ps7_cortexa9_0
18:55:55 INFO  : FPGA configured successfully with bitstream "E:/class/Project/final_lab_2/final_lab_2.sdk/system_wrapper_hw_platform_0/system_wrapper.bit"
18:56:08 INFO  : ps7_init is completed.
18:56:08 INFO  : ps7_post_config is completed.
18:56:08 INFO  : Processor reset is completed for ps7_cortexa9_0
18:56:29 INFO  : FPGA configured successfully with bitstream "E:/class/Project/final_lab_2/final_lab_2.sdk/system_wrapper_hw_platform_0/system_wrapper.bit"
18:56:48 INFO  : ps7_init is completed.
18:56:48 INFO  : ps7_post_config is completed.
18:56:48 INFO  : Processor reset is completed for ps7_cortexa9_0
18:58:52 INFO  : FPGA configured successfully with bitstream "E:/class/Project/final_lab_2/final_lab_2.sdk/system_wrapper_hw_platform_0/system_wrapper.bit"
19:00:15 INFO  : ps7_init is completed.
19:00:15 INFO  : ps7_post_config is completed.
19:00:15 INFO  : Processor reset is completed for ps7_cortexa9_0
19:03:30 ERROR : Unexpected error while parsing XMD response ?: com.google.gson.JsonSyntaxException: com.google.gson.stream.MalformedJsonException: invalid number or unquoted string near 
19:04:32 INFO  : Processing command line option -hwspec E:/class/Project/final_lab_2/final_lab_2.sdk/system_wrapper.hdf.
19:04:34 INFO  : Checking for hwspec changes in the project system_wrapper_hw_platform_0.
19:04:35 INFO  : Launching XSDB server: xsdb.bat -s F:/vivado/SDK/2014.4/scripts/xsdb/xsdb/xsdb-server.tcl 2450
19:11:51 INFO  : Processing command line option -hwspec E:/class/Project/final_lab_2/final_lab_2.sdk/system_wrapper.hdf.
19:11:51 INFO  : Checking for hwspec changes in the project system_wrapper_hw_platform_0.
19:11:52 INFO  : Launching XSDB server: xsdb.bat -s F:/vivado/SDK/2014.4/scripts/xsdb/xsdb/xsdb-server.tcl 2450
19:12:16 INFO  : FPGA configured successfully with bitstream "E:/class/Project/final_lab_2/final_lab_2.sdk/system_wrapper_hw_platform_0/system_wrapper.bit"
19:13:52 INFO  : ps7_init is completed.
19:13:52 INFO  : ps7_post_config is completed.
19:13:52 INFO  : Processor reset is completed for ps7_cortexa9_0
19:14:07 INFO  : FPGA configured successfully with bitstream "E:/class/Project/final_lab_2/final_lab_2.sdk/system_wrapper_hw_platform_0/system_wrapper.bit"
19:14:18 INFO  : ps7_init is completed.
19:14:18 INFO  : ps7_post_config is completed.
19:14:18 INFO  : Processor reset is completed for ps7_cortexa9_0
19:14:59 INFO  : Processor reset is completed for ps7_cortexa9_0
19:16:32 INFO  : FPGA configured successfully with bitstream "E:/class/Project/final_lab_2/final_lab_2.sdk/system_wrapper_hw_platform_0/system_wrapper.bit"
19:17:05 INFO  : ps7_init is completed.
19:17:05 INFO  : ps7_post_config is completed.
19:17:05 INFO  : Processor reset is completed for ps7_cortexa9_0
19:18:58 INFO  : FPGA configured successfully with bitstream "E:/class/Project/final_lab_2/final_lab_2.sdk/system_wrapper_hw_platform_0/system_wrapper.bit"
19:19:21 INFO  : ps7_init is completed.
19:19:21 INFO  : ps7_post_config is completed.
19:19:21 INFO  : Processor reset is completed for ps7_cortexa9_0
19:22:51 INFO  : FPGA configured successfully with bitstream "E:/class/Project/final_lab_2/final_lab_2.sdk/system_wrapper_hw_platform_0/system_wrapper.bit"
19:23:11 INFO  : ps7_init is completed.
19:23:11 INFO  : ps7_post_config is completed.
19:23:12 INFO  : Processor reset is completed for ps7_cortexa9_0
19:24:00 INFO  : FPGA configured successfully with bitstream "E:/class/Project/final_lab_2/final_lab_2.sdk/system_wrapper_hw_platform_0/system_wrapper.bit"
19:24:10 INFO  : Processor reset is completed for ps7_cortexa9_0
19:36:49 INFO  : FPGA configured successfully with bitstream "E:/class/Project/final_lab_2/final_lab_2.sdk/system_wrapper_hw_platform_0/system_wrapper.bit"
19:37:11 INFO  : ps7_init is completed.
19:37:11 INFO  : ps7_post_config is completed.
19:37:11 INFO  : Processor reset is completed for ps7_cortexa9_0
20:30:18 INFO  : FPGA configured successfully with bitstream "E:/class/Project/final_lab_2/final_lab_2.sdk/system_wrapper_hw_platform_0/system_wrapper.bit"
20:30:31 INFO  : ps7_init is completed.
20:30:31 INFO  : ps7_post_config is completed.
20:30:31 INFO  : Processor reset is completed for ps7_cortexa9_0
20:38:29 INFO  : FPGA configured successfully with bitstream "E:/class/Project/final_lab_2/final_lab_2.sdk/system_wrapper_hw_platform_0/system_wrapper.bit"
20:38:58 INFO  : ps7_init is completed.
20:38:58 INFO  : ps7_post_config is completed.
20:38:58 INFO  : Processor reset is completed for ps7_cortexa9_0
20:41:25 INFO  : FPGA configured successfully with bitstream "E:/class/Project/final_lab_2/final_lab_2.sdk/system_wrapper_hw_platform_0/system_wrapper.bit"
20:43:36 INFO  : ps7_init is completed.
20:43:36 INFO  : ps7_post_config is completed.
20:43:37 INFO  : Processor reset is completed for ps7_cortexa9_0
20:48:57 INFO  : FPGA configured successfully with bitstream "E:/class/Project/final_lab_2/final_lab_2.sdk/system_wrapper_hw_platform_0/system_wrapper.bit"
20:49:08 INFO  : ps7_init is completed.
20:49:08 INFO  : ps7_post_config is completed.
20:49:09 INFO  : Processor reset is completed for ps7_cortexa9_0
20:52:32 INFO  : FPGA configured successfully with bitstream "E:/class/Project/final_lab_2/final_lab_2.sdk/system_wrapper_hw_platform_0/system_wrapper.bit"
20:52:52 INFO  : ps7_init is completed.
20:52:53 INFO  : ps7_post_config is completed.
20:52:53 INFO  : Processor reset is completed for ps7_cortexa9_0
20:54:40 INFO  : FPGA configured successfully with bitstream "E:/class/Project/final_lab_2/final_lab_2.sdk/system_wrapper_hw_platform_0/system_wrapper.bit"
20:54:48 INFO  : ps7_init is completed.
20:54:48 INFO  : ps7_post_config is completed.
20:54:49 INFO  : Processor reset is completed for ps7_cortexa9_0
20:55:53 INFO  : FPGA configured successfully with bitstream "E:/class/Project/final_lab_2/final_lab_2.sdk/system_wrapper_hw_platform_0/system_wrapper.bit"
20:56:04 INFO  : ps7_init is completed.
20:56:04 INFO  : ps7_post_config is completed.
20:56:05 INFO  : Processor reset is completed for ps7_cortexa9_0
20:56:47 INFO  : FPGA configured successfully with bitstream "E:/class/Project/final_lab_2/final_lab_2.sdk/system_wrapper_hw_platform_0/system_wrapper.bit"
20:57:18 INFO  : ps7_init is completed.
20:57:19 INFO  : ps7_post_config is completed.
20:57:19 INFO  : Processor reset is completed for ps7_cortexa9_0
20:59:57 INFO  : Processor reset is completed for ps7_cortexa9_0
21:01:46 INFO  : ps7_cortexa9_0 Processor is in use. Please stop existing Run or Debug sessions before launching.
21:01:49 INFO  : Processor reset is completed for ps7_cortexa9_0
21:02:27 ERROR : Unexpected error while parsing XMD response ?: com.google.gson.JsonSyntaxException: com.google.gson.stream.MalformedJsonException: invalid number or unquoted string near 
14:04:04 INFO  : Processing command line option -hwspec E:/class/Project/final_lab_2/final_lab_2.sdk/system_wrapper.hdf.
14:04:09 INFO  : Launching XSDB server: xsdb.bat -s F:/vivado/SDK/2014.4/scripts/xsdb/xsdb/xsdb-server.tcl 2450
14:04:09 INFO  : Checking for hwspec changes in the project system_wrapper_hw_platform_0.
14:04:47 INFO  : FPGA configured successfully with bitstream "E:/class/Project/final_lab_2/final_lab_2.sdk/system_wrapper_hw_platform_0/system_wrapper.bit"
14:05:10 INFO  : ps7_init is completed.
14:05:10 INFO  : ps7_post_config is completed.
14:05:10 INFO  : Processor reset is completed for ps7_cortexa9_0
14:06:42 ERROR : Unexpected error while parsing XMD response ?: com.google.gson.JsonSyntaxException: com.google.gson.stream.MalformedJsonException: invalid number or unquoted string near 
